<?xml version="1.0" encoding="UTF-8"?>
<robot generator="Robot 6.0.2 (Python 3.7.5 on win32)" generated="20250704 09:19:48.052" rpa="false" schemaversion="3">
<suite id="s1" name="Test" source="E:\Python\Robot_TestAutomationFramework\Tests\Test.robot">
<test id="s1-t1" name="Open Example Website" line="9">
<kw name="Open Browser" library="SeleniumLibrary">
<arg>${url}</arg>
<arg>${browser}</arg>
<doc>Opens a new browser instance to the optional ``url``.</doc>
<msg timestamp="20250704 09:19:48.707" level="INFO">Opening browser 'chrome' to base url 'https://opensource-demo.orangehrmlive.com/web/index.php/auth/login'.</msg>
<msg timestamp="20250704 09:19:48.707" level="INFO">Executing: c:\users\intel\appdata\local\programs\python\python37-32\lib\site-packages\selenium\webdriver\common\windows\selenium-manager.exe --browser chrome --output json</msg>
<status status="PASS" starttime="20250704 09:19:48.707" endtime="20250704 09:19:57.515"/>
</kw>
<kw name="Maximize Browser Window" library="SeleniumLibrary">
<doc>Maximizes current browser window.</doc>
<status status="PASS" starttime="20250704 09:19:57.516" endtime="20250704 09:19:57.708"/>
</kw>
<kw name="Sleep" library="BuiltIn">
<arg>5</arg>
<doc>Pauses the test executed for the given time.</doc>
<msg timestamp="20250704 09:20:02.713" level="INFO">Slept 5 seconds</msg>
<status status="PASS" starttime="20250704 09:19:57.708" endtime="20250704 09:20:02.713"/>
</kw>
<kw name="Title Should Be" library="SeleniumLibrary">
<arg>OrangeHRM</arg>
<doc>Verifies that the current page title equals ``title``.</doc>
<msg timestamp="20250704 09:20:02.713" level="INFO">Page title is 'OrangeHRM'.</msg>
<status status="PASS" starttime="20250704 09:20:02.713" endtime="20250704 09:20:02.713"/>
</kw>
<kw name="Capture Page Screenshot" library="SeleniumLibrary">
<doc>Takes a screenshot of the current page and embeds it into a log file.</doc>
<msg timestamp="20250704 09:20:03.055" level="INFO" html="true">&lt;/td&gt;&lt;/tr&gt;&lt;tr&gt;&lt;td colspan="3"&gt;&lt;a href="selenium-screenshot-1.png"&gt;&lt;img src="selenium-screenshot-1.png" width="800px"&gt;&lt;/a&gt;</msg>
<status status="PASS" starttime="20250704 09:20:02.713" endtime="20250704 09:20:03.055"/>
</kw>
<kw name="Close Browser" library="SeleniumLibrary">
<doc>Closes the current browser.</doc>
<status status="PASS" starttime="20250704 09:20:03.055" endtime="20250704 09:20:05.388"/>
</kw>
<status status="PASS" starttime="20250704 09:19:48.707" endtime="20250704 09:20:05.388"/>
</test>
<status status="PASS" starttime="20250704 09:19:48.099" endtime="20250704 09:20:05.388"/>
</suite>
<statistics>
<total>
<stat pass="1" fail="0" skip="0">All Tests</stat>
</total>
<tag>
</tag>
<suite>
<stat pass="1" fail="0" skip="0" id="s1" name="Test">Test</stat>
</suite>
</statistics>
<errors>
</errors>
</robot>
