<?xml version="1.0" encoding="UTF-8"?>
<robot generator="Robot 6.0.2 (Python 3.7.5 on win32)" generated="20250708 22:35:02.525" rpa="false" schemaversion="3">
<suite id="s1" name="Test" source="E:\Python\Robot_TestAutomationFramework\Tests\Smoke\Test.robot">
<test id="s1-t1" name="Open Example Website" line="6">
<kw name="Open Browser" library="SeleniumLibrary">
<arg>https://opensource-demo.orangehrmlive.com</arg>
<arg>chrome</arg>
<doc>Opens a new browser instance to the optional ``url``.</doc>
<msg timestamp="20250708 22:35:03.305" level="INFO">Opening browser 'chrome' to base url 'https://opensource-demo.orangehrmlive.com'.</msg>
<msg timestamp="20250708 22:35:03.321" level="INFO">Executing: c:\users\intel\appdata\local\programs\python\python37-32\lib\site-packages\selenium\webdriver\common\windows\selenium-manager.exe --browser chrome --output json</msg>
<status status="PASS" starttime="20250708 22:35:03.305" endtime="20250708 22:35:18.363"/>
</kw>
<kw name="Maximize Browser Window" library="SeleniumLibrary">
<doc>Maximizes current browser window.</doc>
<status status="PASS" starttime="20250708 22:35:18.364" endtime="20250708 22:35:18.532"/>
</kw>
<kw name="Sleep" library="BuiltIn">
<arg>5</arg>
<doc>Pauses the test executed for the given time.</doc>
<msg timestamp="20250708 22:35:23.544" level="INFO">Slept 5 seconds</msg>
<status status="PASS" starttime="20250708 22:35:18.532" endtime="20250708 22:35:23.544"/>
</kw>
<kw name="Enter The Text">
<arg>name=username</arg>
<arg>Admin</arg>
<arg>Username Field</arg>
<kw name="Wait Until Element Is Visible" library="SeleniumLibrary">
<arg>${locator}</arg>
<doc>Waits until the element ``locator`` is visible.</doc>
<status status="PASS" starttime="20250708 22:35:23.544" endtime="20250708 22:35:23.591"/>
</kw>
<kw name="Input Text" library="SeleniumLibrary">
<arg>${locator}</arg>
<arg>${value}</arg>
<doc>Types the given ``text`` into the text field identified by ``locator``.</doc>
<msg timestamp="20250708 22:35:23.591" level="INFO">Typing text 'Admin' into text field 'name=username'.</msg>
<status status="PASS" starttime="20250708 22:35:23.591" endtime="20250708 22:35:23.778"/>
</kw>
<kw name="Log Message With Level">
<arg>${value} is entered in ${element_name}</arg>
<arg>INFO</arg>
<kw name="Log" library="BuiltIn">
<arg>${message}</arg>
<arg>${level}</arg>
<doc>Logs the given message with the given level.</doc>
<msg timestamp="20250708 22:35:23.780" level="INFO">Admin is entered in Username Field</msg>
<status status="PASS" starttime="20250708 22:35:23.780" endtime="20250708 22:35:23.780"/>
</kw>
<status status="PASS" starttime="20250708 22:35:23.778" endtime="20250708 22:35:23.782"/>
</kw>
<status status="PASS" starttime="20250708 22:35:23.544" endtime="20250708 22:35:23.782"/>
</kw>
<kw name="Enter The Text">
<arg>name=password</arg>
<arg>admin123</arg>
<arg>Password Field</arg>
<kw name="Wait Until Element Is Visible" library="SeleniumLibrary">
<arg>${locator}</arg>
<doc>Waits until the element ``locator`` is visible.</doc>
<status status="PASS" starttime="20250708 22:35:23.784" endtime="20250708 22:35:23.832"/>
</kw>
<kw name="Input Text" library="SeleniumLibrary">
<arg>${locator}</arg>
<arg>${value}</arg>
<doc>Types the given ``text`` into the text field identified by ``locator``.</doc>
<msg timestamp="20250708 22:35:23.832" level="INFO">Typing text 'admin123' into text field 'name=password'.</msg>
<status status="PASS" starttime="20250708 22:35:23.832" endtime="20250708 22:35:24.032"/>
</kw>
<kw name="Log Message With Level">
<arg>${value} is entered in ${element_name}</arg>
<arg>INFO</arg>
<kw name="Log" library="BuiltIn">
<arg>${message}</arg>
<arg>${level}</arg>
<doc>Logs the given message with the given level.</doc>
<msg timestamp="20250708 22:35:24.035" level="INFO">admin123 is entered in Password Field</msg>
<status status="PASS" starttime="20250708 22:35:24.034" endtime="20250708 22:35:24.035"/>
</kw>
<status status="PASS" starttime="20250708 22:35:24.033" endtime="20250708 22:35:24.035"/>
</kw>
<status status="PASS" starttime="20250708 22:35:23.783" endtime="20250708 22:35:24.036"/>
</kw>
<kw name="Click On Button">
<arg>xpath=//button[text()=' Login ']</arg>
<arg>Login Button</arg>
<kw name="Wait Until Element Is Visible" library="SeleniumLibrary">
<arg>${locator}</arg>
<doc>Waits until the element ``locator`` is visible.</doc>
<status status="PASS" starttime="20250708 22:35:24.037" endtime="20250708 22:35:24.083"/>
</kw>
<kw name="Click Button" library="SeleniumLibrary">
<arg>${locator}</arg>
<doc>Clicks the button identified by ``locator``.</doc>
<msg timestamp="20250708 22:35:24.083" level="INFO">Clicking button 'xpath=//button[text()=' Login ']'.</msg>
<status status="PASS" starttime="20250708 22:35:24.083" endtime="20250708 22:35:25.900"/>
</kw>
<kw name="Log Message With Level">
<arg>${element_name} is clicked</arg>
<arg>INFO</arg>
<kw name="Log" library="BuiltIn">
<arg>${message}</arg>
<arg>${level}</arg>
<doc>Logs the given message with the given level.</doc>
<msg timestamp="20250708 22:35:25.908" level="INFO">Login Button is clicked</msg>
<status status="PASS" starttime="20250708 22:35:25.903" endtime="20250708 22:35:25.908"/>
</kw>
<status status="PASS" starttime="20250708 22:35:25.901" endtime="20250708 22:35:25.909"/>
</kw>
<status status="PASS" starttime="20250708 22:35:24.036" endtime="20250708 22:35:25.910"/>
</kw>
<kw name="Close Browser" library="SeleniumLibrary">
<doc>Closes the current browser.</doc>
<status status="PASS" starttime="20250708 22:35:25.913" endtime="20250708 22:35:28.353"/>
</kw>
<status status="PASS" starttime="20250708 22:35:03.305" endtime="20250708 22:35:28.353"/>
</test>
<status status="PASS" starttime="20250708 22:35:02.525" endtime="20250708 22:35:28.353"/>
</suite>
<statistics>
<total>
<stat pass="1" fail="0" skip="0">All Tests</stat>
</total>
<tag>
</tag>
<suite>
<stat pass="1" fail="0" skip="0" id="s1" name="Test">Test</stat>
</suite>
</statistics>
<errors>
</errors>
</robot>
