<?xml version="1.0" encoding="UTF-8"?>
<robot generator="Robot 6.0.2 (Python 3.7.5 on win32)" generated="20250719 01:25:34.542" rpa="false" schemaversion="3">
<suite id="s1" name="Regression" source="E:\Python\Robot_TestAutomationFramework\Tests\Regression">
<suite id="s1-s1" name="MyInfo" source="E:\Python\Robot_TestAutomationFramework\Tests\Regression\MyInfo.robot">
<test id="s1-s1-t1" name="Add My Info" line="10">
<kw name="Test Setup" library="BaseTest" type="SETUP">
<doc>Opening the Chrome Browser and Navigating to the https://opensource-demo.orangehrmlive.com/</doc>
<kw name="Open Browser" library="SeleniumLibrary">
<arg>${LOGIN_URL}</arg>
<arg>${BROWSER}</arg>
<doc>Opens a new browser instance to the optional ``url``.</doc>
<msg timestamp="20250719 01:25:35.259" level="INFO">Opening browser 'Chrome' to base url 'https://opensource-demo.orangehrmlive.com/'.</msg>
<msg timestamp="20250719 01:25:35.275" level="INFO">Executing: c:\users\intel\appdata\local\programs\python\python37-32\lib\site-packages\selenium\webdriver\common\windows\selenium-manager.exe --browser chrome --output json</msg>
<status status="PASS" starttime="20250719 01:25:35.259" endtime="20250719 01:25:43.480"/>
</kw>
<kw name="Maximize Browser Window" library="SeleniumLibrary">
<doc>Maximizes current browser window.</doc>
<status status="PASS" starttime="20250719 01:25:43.481" endtime="20250719 01:25:43.618"/>
</kw>
<status status="PASS" starttime="20250719 01:25:35.259" endtime="20250719 01:25:43.618"/>
</kw>
<kw name="Enter Valid Username" library="LoginKeywords">
<kw name="Enter Page Text" library="Generics">
<arg>${USERNAME_FIELD}</arg>
<arg>${VALID_USERNAME}</arg>
<arg>Username textbox</arg>
<kw name="Wait Until Element Is Visible" library="SeleniumLibrary">
<arg>${element}</arg>
<doc>Waits until the element ``locator`` is visible.</doc>
<status status="PASS" starttime="20250719 01:25:43.621" endtime="20250719 01:25:44.568"/>
</kw>
<kw name="Input Text" library="SeleniumLibrary">
<arg>${element}</arg>
<arg>${element_value}</arg>
<doc>Types the given ``text`` into the text field identified by ``locator``.</doc>
<msg timestamp="20250719 01:25:44.571" level="INFO">Typing text 'Admin' into text field 'name=username'.</msg>
<status status="PASS" starttime="20250719 01:25:44.569" endtime="20250719 01:25:44.756"/>
</kw>
<kw name="Log" library="BuiltIn">
<arg>Entered ${element_value} in the the ${element_name}</arg>
<doc>Logs the given message with the given level.</doc>
<msg timestamp="20250719 01:25:44.757" level="INFO">Entered Admin in the the Username textbox</msg>
<status status="PASS" starttime="20250719 01:25:44.757" endtime="20250719 01:25:44.757"/>
</kw>
<status status="PASS" starttime="20250719 01:25:43.619" endtime="20250719 01:25:44.758"/>
</kw>
<status status="PASS" starttime="20250719 01:25:43.618" endtime="20250719 01:25:44.759"/>
</kw>
<kw name="Enter Valid Password" library="LoginKeywords">
<kw name="Enter Page Password" library="Generics">
<arg>${PASSWORD_FIELD}</arg>
<arg>${VALID_PASSWORD}</arg>
<arg>Password textbox</arg>
<kw name="Wait Until Element Is Visible" library="SeleniumLibrary">
<arg>${element}</arg>
<doc>Waits until the element ``locator`` is visible.</doc>
<status status="PASS" starttime="20250719 01:25:44.761" endtime="20250719 01:25:44.810"/>
</kw>
<kw name="Input Password" library="SeleniumLibrary">
<arg>${element}</arg>
<arg>${element_value}</arg>
<doc>Types the given password into the text field identified by ``locator``.</doc>
<msg timestamp="20250719 01:25:44.810" level="INFO">Typing password into text field 'name=password'.</msg>
<msg timestamp="20250719 01:25:44.888" level="INFO">Temporally setting log level to: NONE</msg>
<msg timestamp="20250719 01:25:45.053" level="INFO">Log level changed from NONE to INFO.</msg>
<status status="PASS" starttime="20250719 01:25:44.810" endtime="20250719 01:25:45.053"/>
</kw>
<kw name="Log" library="BuiltIn">
<arg>Entered ******** in the the ${element_name}</arg>
<doc>Logs the given message with the given level.</doc>
<msg timestamp="20250719 01:25:45.054" level="INFO">Entered ******** in the the Password textbox</msg>
<status status="PASS" starttime="20250719 01:25:45.053" endtime="20250719 01:25:45.054"/>
</kw>
<status status="PASS" starttime="20250719 01:25:44.760" endtime="20250719 01:25:45.054"/>
</kw>
<status status="PASS" starttime="20250719 01:25:44.759" endtime="20250719 01:25:45.055"/>
</kw>
<kw name="Click Login Button" library="LoginKeywords">
<kw name="Click Page Button" library="Generics">
<arg>${LOGIN_BUTTON}</arg>
<arg>Login Button</arg>
<kw name="Wait Until Element Is Visible" library="SeleniumLibrary">
<arg>${element}</arg>
<doc>Waits until the element ``locator`` is visible.</doc>
<status status="PASS" starttime="20250719 01:25:45.057" endtime="20250719 01:25:45.094"/>
</kw>
<kw name="Scroll Element Into View" library="SeleniumLibrary">
<arg>${element}</arg>
<doc>Scrolls the element identified by ``locator`` into view.</doc>
<status status="PASS" starttime="20250719 01:25:45.094" endtime="20250719 01:25:45.392"/>
</kw>
<kw name="Click Button" library="SeleniumLibrary">
<arg>${element}</arg>
<doc>Clicks the button identified by ``locator``.</doc>
<msg timestamp="20250719 01:25:45.392" level="INFO">Clicking button 'xpath=//button[text()=' Login ']'.</msg>
<status status="PASS" starttime="20250719 01:25:45.392" endtime="20250719 01:25:46.873"/>
</kw>
<kw name="Log" library="BuiltIn">
<arg>Clicked on the button ${element_name}</arg>
<doc>Logs the given message with the given level.</doc>
<msg timestamp="20250719 01:25:46.874" level="INFO">Clicked on the button Login Button</msg>
<status status="PASS" starttime="20250719 01:25:46.874" endtime="20250719 01:25:46.875"/>
</kw>
<status status="PASS" starttime="20250719 01:25:45.056" endtime="20250719 01:25:46.876"/>
</kw>
<status status="PASS" starttime="20250719 01:25:45.055" endtime="20250719 01:25:46.876"/>
</kw>
<kw name="Click My Info Menu" library="MyInfoKeywords">
<kw name="Click Page Element" library="Generics">
<arg>${MYINFO_MENU}</arg>
<arg>My Info menu item</arg>
<kw name="Wait Until Element Is Visible" library="SeleniumLibrary">
<arg>${element}</arg>
<doc>Waits until the element ``locator`` is visible.</doc>
<status status="PASS" starttime="20250719 01:25:46.880" endtime="20250719 01:25:47.500"/>
</kw>
<kw name="Scroll Element Into View" library="SeleniumLibrary">
<arg>${element}</arg>
<doc>Scrolls the element identified by ``locator`` into view.</doc>
<status status="PASS" starttime="20250719 01:25:47.501" endtime="20250719 01:25:47.951"/>
</kw>
<kw name="Click Element" library="SeleniumLibrary">
<arg>${element}</arg>
<doc>Click the element identified by ``locator``.</doc>
<msg timestamp="20250719 01:25:47.953" level="INFO">Clicking element 'xpath=//a//span[text()='My Info']//ancestor::li'.</msg>
<status status="PASS" starttime="20250719 01:25:47.952" endtime="20250719 01:25:49.559"/>
</kw>
<kw name="Log" library="BuiltIn">
<arg>Clicked on the element ${element_name}</arg>
<doc>Logs the given message with the given level.</doc>
<msg timestamp="20250719 01:25:49.561" level="INFO">Clicked on the element My Info menu item</msg>
<status status="PASS" starttime="20250719 01:25:49.560" endtime="20250719 01:25:49.561"/>
</kw>
<status status="PASS" starttime="20250719 01:25:46.878" endtime="20250719 01:25:49.561"/>
</kw>
<kw name="Sleep" library="BuiltIn">
<arg>3</arg>
<doc>Pauses the test executed for the given time.</doc>
<msg timestamp="20250719 01:25:52.572" level="INFO">Slept 3 seconds</msg>
<status status="PASS" starttime="20250719 01:25:49.562" endtime="20250719 01:25:52.572"/>
</kw>
<kw name="Take Page Screenshot" library="Generics">
<arg>MyInfo</arg>
<doc>Screenshots will be available under E:\Python\Robot_TestAutomationFramework\Results/Screenshots/</doc>
<kw name="Get Current Date" library="DateTime">
<var>${today}</var>
<arg>result_format=%d%m%y_%H%M%S</arg>
<doc>Returns current local or UTC time with an optional increment.</doc>
<msg timestamp="20250719 01:25:52.572" level="INFO">${today} = 190725_012552</msg>
<status status="PASS" starttime="20250719 01:25:52.572" endtime="20250719 01:25:52.572"/>
</kw>
<kw name="Capture Page Screenshot" library="SeleniumLibrary">
<arg>${OUTPUT_DIR}/Screenshots/${screenshot_name}_${today}.png</arg>
<doc>Takes a screenshot of the current page and embeds it into a log file.</doc>
<msg timestamp="20250719 01:25:52.928" level="INFO" html="true">&lt;/td&gt;&lt;/tr&gt;&lt;tr&gt;&lt;td colspan="3"&gt;&lt;a href="Screenshots/MyInfo_190725_012552.png"&gt;&lt;img src="Screenshots/MyInfo_190725_012552.png" width="800px"&gt;&lt;/a&gt;</msg>
<status status="PASS" starttime="20250719 01:25:52.572" endtime="20250719 01:25:52.928"/>
</kw>
<status status="PASS" starttime="20250719 01:25:52.572" endtime="20250719 01:25:52.928"/>
</kw>
<status status="PASS" starttime="20250719 01:25:46.877" endtime="20250719 01:25:52.928"/>
</kw>
<kw name="Click Personal Details" library="MyInfoKeywords">
<kw name="Click Page Element" library="Generics">
<arg>${LHS_PERSONAL_DETAILS}</arg>
<arg>Personal Details LHS option</arg>
<kw name="Wait Until Element Is Visible" library="SeleniumLibrary">
<arg>${element}</arg>
<doc>Waits until the element ``locator`` is visible.</doc>
<status status="PASS" starttime="20250719 01:25:52.944" endtime="20250719 01:25:52.991"/>
</kw>
<kw name="Scroll Element Into View" library="SeleniumLibrary">
<arg>${element}</arg>
<doc>Scrolls the element identified by ``locator`` into view.</doc>
<status status="PASS" starttime="20250719 01:25:52.991" endtime="20250719 01:25:53.274"/>
</kw>
<kw name="Click Element" library="SeleniumLibrary">
<arg>${element}</arg>
<doc>Click the element identified by ``locator``.</doc>
<msg timestamp="20250719 01:25:53.276" level="INFO">Clicking element '//a[text()='Personal Details']'.</msg>
<status status="PASS" starttime="20250719 01:25:53.274" endtime="20250719 01:25:54.372"/>
</kw>
<kw name="Log" library="BuiltIn">
<arg>Clicked on the element ${element_name}</arg>
<doc>Logs the given message with the given level.</doc>
<msg timestamp="20250719 01:25:54.375" level="INFO">Clicked on the element Personal Details LHS option</msg>
<status status="PASS" starttime="20250719 01:25:54.373" endtime="20250719 01:25:54.375"/>
</kw>
<status status="PASS" starttime="20250719 01:25:52.944" endtime="20250719 01:25:54.376"/>
</kw>
<status status="PASS" starttime="20250719 01:25:52.944" endtime="20250719 01:25:54.376"/>
</kw>
<kw name="Enter Firstname" library="MyInfoKeywords">
<kw name="Clear Text" library="Generics">
<arg>${FIRSTNAME}</arg>
<arg>Firstname</arg>
<kw name="Wait Until Element Is Visible" library="SeleniumLibrary">
<arg>${element}</arg>
<doc>Waits until the element ``locator`` is visible.</doc>
<status status="PASS" starttime="20250719 01:25:54.381" endtime="20250719 01:25:55.053"/>
</kw>
<kw name="Run Keyword And Ignore Error" library="BuiltIn">
<arg>clear element text</arg>
<arg>${element}</arg>
<doc>Runs the given keyword with the given arguments and ignores possible error.</doc>
<kw name="Clear Element Text" library="SeleniumLibrary">
<arg>${element}</arg>
<doc>Clears the value of the text-input-element identified by ``locator``.</doc>
<status status="PASS" starttime="20250719 01:25:55.055" endtime="20250719 01:25:55.400"/>
</kw>
<status status="PASS" starttime="20250719 01:25:55.054" endtime="20250719 01:25:55.400"/>
</kw>
<kw name="Run Keyword And Ignore Error" library="BuiltIn">
<arg>execute javascript</arg>
<arg>arguments[0].value = '';</arg>
<arg>${element}</arg>
<doc>Runs the given keyword with the given arguments and ignores possible error.</doc>
<kw name="Execute Javascript" library="SeleniumLibrary">
<arg>arguments[0].value = '';</arg>
<arg>${element}</arg>
<doc>Executes the given JavaScript code with possible arguments.</doc>
<msg timestamp="20250719 01:25:55.405" level="INFO">Executing JavaScript:
arguments[0].value = '';name=firstName
Without any arguments.</msg>
<msg timestamp="20250719 01:25:55.918" level="INFO" html="true">&lt;/td&gt;&lt;/tr&gt;&lt;tr&gt;&lt;td colspan="3"&gt;&lt;a href="selenium-screenshot-29.png"&gt;&lt;img src="selenium-screenshot-29.png" width="800px"&gt;&lt;/a&gt;</msg>
<msg timestamp="20250719 01:25:55.919" level="FAIL">JavascriptException: Message: javascript error: Cannot set properties of undefined (setting 'value')
  (Session info: chrome=109.0.5414.120)
Stacktrace:
Backtrace:
	(No symbol) [0x00436643]
	(No symbol) [0x003CBE21]
	(No symbol) [0x002CDA9D]
	(No symbol) [0x002D09E4]
	(No symbol) [0x002D08AD]
	(No symbol) [0x002D12E5]
	(No symbol) [0x003379F7]
	(No symbol) [0x0031FD7C]
	(No symbol) [0x00336B09]
	(No symbol) [0x0031FB76]
	(No symbol) [0x002F49C1]
	(No symbol) [0x002F5E5D]
	GetHandleVerifier [0x006AA142+2497106]
	GetHandleVerifier [0x006D85D3+2686691]
	GetHandleVerifier [0x006DBB9C+2700460]
	GetHandleVerifier [0x004E3B10+635936]
	(No symbol) [0x003D4A1F]
	(No symbol) [0x003DA418]
	(No symbol) [0x003DA505]
	(No symbol) [0x003E508B]
	BaseThreadInitThunk [0x758733CA+18]
	RtlInitializeExceptionChain [0x77739ED2+99]
	RtlInitializeExceptionChain [0x77739EA5+54]
</msg>
<status status="FAIL" starttime="20250719 01:25:55.402" endtime="20250719 01:25:55.924"/>
</kw>
<status status="PASS" starttime="20250719 01:25:55.400" endtime="20250719 01:25:55.925"/>
</kw>
<kw name="Run Keyword And Ignore Error" library="BuiltIn">
<arg>click element</arg>
<arg>${element}</arg>
<doc>Runs the given keyword with the given arguments and ignores possible error.</doc>
<kw name="Click Element" library="SeleniumLibrary">
<arg>${element}</arg>
<doc>Click the element identified by ``locator``.</doc>
<msg timestamp="20250719 01:25:55.928" level="INFO">Clicking element 'name=firstName'.</msg>
<status status="PASS" starttime="20250719 01:25:55.926" endtime="20250719 01:25:56.099"/>
</kw>
<status status="PASS" starttime="20250719 01:25:55.925" endtime="20250719 01:25:56.099"/>
</kw>
<kw name="Run Keyword And Ignore Error" library="BuiltIn">
<arg>press keys</arg>
<arg>${element}</arg>
<arg>CTRL+A</arg>
<doc>Runs the given keyword with the given arguments and ignores possible error.</doc>
<kw name="Press Keys" library="SeleniumLibrary">
<arg>${element}</arg>
<arg>CTRL+A</arg>
<doc>Simulates the user pressing key(s) to an element or on the active browser.</doc>
<msg timestamp="20250719 01:25:56.099" level="INFO">Sending key(s) ('CTRL+A',) to name=firstName element.</msg>
<msg timestamp="20250719 01:25:56.412" level="INFO">Pressing special key CONTROL down.</msg>
<msg timestamp="20250719 01:25:56.412" level="INFO">Sending key A</msg>
<msg timestamp="20250719 01:25:56.412" level="INFO">Releasing special key CONTROL.</msg>
<status status="PASS" starttime="20250719 01:25:56.099" endtime="20250719 01:25:56.427"/>
</kw>
<status status="PASS" starttime="20250719 01:25:56.099" endtime="20250719 01:25:56.427"/>
</kw>
<kw name="Sleep" library="BuiltIn">
<arg>200ms</arg>
<doc>Pauses the test executed for the given time.</doc>
<msg timestamp="20250719 01:25:56.633" level="INFO">Slept 200 milliseconds</msg>
<status status="PASS" starttime="20250719 01:25:56.427" endtime="20250719 01:25:56.633"/>
</kw>
<kw name="Run Keyword And Ignore Error" library="BuiltIn">
<arg>press keys</arg>
<arg>${element}</arg>
<arg>DELETE</arg>
<doc>Runs the given keyword with the given arguments and ignores possible error.</doc>
<kw name="Press Keys" library="SeleniumLibrary">
<arg>${element}</arg>
<arg>DELETE</arg>
<doc>Simulates the user pressing key(s) to an element or on the active browser.</doc>
<msg timestamp="20250719 01:25:56.633" level="INFO">Sending key(s) ('DELETE',) to name=firstName element.</msg>
<msg timestamp="20250719 01:25:56.934" level="INFO">Pressing special key DELETE to element.</msg>
<msg timestamp="20250719 01:25:56.934" level="INFO">Releasing special key DELETE.</msg>
<status status="PASS" starttime="20250719 01:25:56.633" endtime="20250719 01:25:56.961"/>
</kw>
<status status="PASS" starttime="20250719 01:25:56.633" endtime="20250719 01:25:56.961"/>
</kw>
<kw name="Log" library="BuiltIn">
<arg>Cleared the text in ${element_name}</arg>
<doc>Logs the given message with the given level.</doc>
<msg timestamp="20250719 01:25:56.963" level="INFO">Cleared the text in Firstname</msg>
<status status="PASS" starttime="20250719 01:25:56.961" endtime="20250719 01:25:56.963"/>
</kw>
<status status="PASS" starttime="20250719 01:25:54.378" endtime="20250719 01:25:56.963"/>
</kw>
<kw name="Enter Page Text" library="Generics">
<arg>${FIRSTNAME}</arg>
<arg>Raveena</arg>
<arg>Firstname</arg>
<kw name="Wait Until Element Is Visible" library="SeleniumLibrary">
<arg>${element}</arg>
<doc>Waits until the element ``locator`` is visible.</doc>
<status status="PASS" starttime="20250719 01:25:56.965" endtime="20250719 01:25:57.010"/>
</kw>
<kw name="Input Text" library="SeleniumLibrary">
<arg>${element}</arg>
<arg>${element_value}</arg>
<doc>Types the given ``text`` into the text field identified by ``locator``.</doc>
<msg timestamp="20250719 01:25:57.010" level="INFO">Typing text 'Raveena' into text field 'name=firstName'.</msg>
<status status="PASS" starttime="20250719 01:25:57.010" endtime="20250719 01:25:57.425"/>
</kw>
<kw name="Log" library="BuiltIn">
<arg>Entered ${element_value} in the the ${element_name}</arg>
<doc>Logs the given message with the given level.</doc>
<msg timestamp="20250719 01:25:57.427" level="INFO">Entered Raveena in the the Firstname</msg>
<status status="PASS" starttime="20250719 01:25:57.426" endtime="20250719 01:25:57.427"/>
</kw>
<status status="PASS" starttime="20250719 01:25:56.964" endtime="20250719 01:25:57.427"/>
</kw>
<status status="PASS" starttime="20250719 01:25:54.377" endtime="20250719 01:25:57.428"/>
</kw>
<kw name="Enter Middlename" library="MyInfoKeywords">
<kw name="Clear Text" library="Generics">
<arg>${MIDDLENAME}</arg>
<arg>Middlename</arg>
<kw name="Wait Until Element Is Visible" library="SeleniumLibrary">
<arg>${element}</arg>
<doc>Waits until the element ``locator`` is visible.</doc>
<status status="PASS" starttime="20250719 01:25:57.430" endtime="20250719 01:25:57.480"/>
</kw>
<kw name="Run Keyword And Ignore Error" library="BuiltIn">
<arg>clear element text</arg>
<arg>${element}</arg>
<doc>Runs the given keyword with the given arguments and ignores possible error.</doc>
<kw name="Clear Element Text" library="SeleniumLibrary">
<arg>${element}</arg>
<doc>Clears the value of the text-input-element identified by ``locator``.</doc>
<status status="PASS" starttime="20250719 01:25:57.482" endtime="20250719 01:25:57.587"/>
</kw>
<status status="PASS" starttime="20250719 01:25:57.481" endtime="20250719 01:25:57.588"/>
</kw>
<kw name="Run Keyword And Ignore Error" library="BuiltIn">
<arg>execute javascript</arg>
<arg>arguments[0].value = '';</arg>
<arg>${element}</arg>
<doc>Runs the given keyword with the given arguments and ignores possible error.</doc>
<kw name="Execute Javascript" library="SeleniumLibrary">
<arg>arguments[0].value = '';</arg>
<arg>${element}</arg>
<doc>Executes the given JavaScript code with possible arguments.</doc>
<msg timestamp="20250719 01:25:57.593" level="INFO">Executing JavaScript:
arguments[0].value = '';name=middleName
Without any arguments.</msg>
<msg timestamp="20250719 01:25:57.974" level="INFO" html="true">&lt;/td&gt;&lt;/tr&gt;&lt;tr&gt;&lt;td colspan="3"&gt;&lt;a href="selenium-screenshot-30.png"&gt;&lt;img src="selenium-screenshot-30.png" width="800px"&gt;&lt;/a&gt;</msg>
<msg timestamp="20250719 01:25:57.974" level="FAIL">JavascriptException: Message: javascript error: Cannot set properties of undefined (setting 'value')
  (Session info: chrome=109.0.5414.120)
Stacktrace:
Backtrace:
	(No symbol) [0x00436643]
	(No symbol) [0x003CBE21]
	(No symbol) [0x002CDA9D]
	(No symbol) [0x002D09E4]
	(No symbol) [0x002D08AD]
	(No symbol) [0x002D12E5]
	(No symbol) [0x003379F7]
	(No symbol) [0x0031FD7C]
	(No symbol) [0x00336B09]
	(No symbol) [0x0031FB76]
	(No symbol) [0x002F49C1]
	(No symbol) [0x002F5E5D]
	GetHandleVerifier [0x006AA142+2497106]
	GetHandleVerifier [0x006D85D3+2686691]
	GetHandleVerifier [0x006DBB9C+2700460]
	GetHandleVerifier [0x004E3B10+635936]
	(No symbol) [0x003D4A1F]
	(No symbol) [0x003DA418]
	(No symbol) [0x003DA505]
	(No symbol) [0x003E508B]
	BaseThreadInitThunk [0x758733CA+18]
	RtlInitializeExceptionChain [0x77739ED2+99]
	RtlInitializeExceptionChain [0x77739EA5+54]
</msg>
<status status="FAIL" starttime="20250719 01:25:57.589" endtime="20250719 01:25:57.990"/>
</kw>
<status status="PASS" starttime="20250719 01:25:57.588" endtime="20250719 01:25:57.990"/>
</kw>
<kw name="Run Keyword And Ignore Error" library="BuiltIn">
<arg>click element</arg>
<arg>${element}</arg>
<doc>Runs the given keyword with the given arguments and ignores possible error.</doc>
<kw name="Click Element" library="SeleniumLibrary">
<arg>${element}</arg>
<doc>Click the element identified by ``locator``.</doc>
<msg timestamp="20250719 01:25:57.990" level="INFO">Clicking element 'name=middleName'.</msg>
<status status="PASS" starttime="20250719 01:25:57.990" endtime="20250719 01:25:58.088"/>
</kw>
<status status="PASS" starttime="20250719 01:25:57.990" endtime="20250719 01:25:58.088"/>
</kw>
<kw name="Run Keyword And Ignore Error" library="BuiltIn">
<arg>press keys</arg>
<arg>${element}</arg>
<arg>CTRL+A</arg>
<doc>Runs the given keyword with the given arguments and ignores possible error.</doc>
<kw name="Press Keys" library="SeleniumLibrary">
<arg>${element}</arg>
<arg>CTRL+A</arg>
<doc>Simulates the user pressing key(s) to an element or on the active browser.</doc>
<msg timestamp="20250719 01:25:58.091" level="INFO">Sending key(s) ('CTRL+A',) to name=middleName element.</msg>
<msg timestamp="20250719 01:25:58.383" level="INFO">Pressing special key CONTROL down.</msg>
<msg timestamp="20250719 01:25:58.383" level="INFO">Sending key A</msg>
<msg timestamp="20250719 01:25:58.383" level="INFO">Releasing special key CONTROL.</msg>
<status status="PASS" starttime="20250719 01:25:58.089" endtime="20250719 01:25:58.399"/>
</kw>
<status status="PASS" starttime="20250719 01:25:58.088" endtime="20250719 01:25:58.399"/>
</kw>
<kw name="Sleep" library="BuiltIn">
<arg>200ms</arg>
<doc>Pauses the test executed for the given time.</doc>
<msg timestamp="20250719 01:25:58.601" level="INFO">Slept 200 milliseconds</msg>
<status status="PASS" starttime="20250719 01:25:58.399" endtime="20250719 01:25:58.601"/>
</kw>
<kw name="Run Keyword And Ignore Error" library="BuiltIn">
<arg>press keys</arg>
<arg>${element}</arg>
<arg>DELETE</arg>
<doc>Runs the given keyword with the given arguments and ignores possible error.</doc>
<kw name="Press Keys" library="SeleniumLibrary">
<arg>${element}</arg>
<arg>DELETE</arg>
<doc>Simulates the user pressing key(s) to an element or on the active browser.</doc>
<msg timestamp="20250719 01:25:58.601" level="INFO">Sending key(s) ('DELETE',) to name=middleName element.</msg>
<msg timestamp="20250719 01:25:58.880" level="INFO">Pressing special key DELETE to element.</msg>
<msg timestamp="20250719 01:25:58.880" level="INFO">Releasing special key DELETE.</msg>
<status status="PASS" starttime="20250719 01:25:58.601" endtime="20250719 01:25:58.896"/>
</kw>
<status status="PASS" starttime="20250719 01:25:58.601" endtime="20250719 01:25:58.896"/>
</kw>
<kw name="Log" library="BuiltIn">
<arg>Cleared the text in ${element_name}</arg>
<doc>Logs the given message with the given level.</doc>
<msg timestamp="20250719 01:25:58.896" level="INFO">Cleared the text in Middlename</msg>
<status status="PASS" starttime="20250719 01:25:58.896" endtime="20250719 01:25:58.896"/>
</kw>
<status status="PASS" starttime="20250719 01:25:57.429" endtime="20250719 01:25:58.896"/>
</kw>
<kw name="Enter Page Text" library="Generics">
<arg>${MIDDLENAME}</arg>
<arg>K S</arg>
<arg>Middlename</arg>
<kw name="Wait Until Element Is Visible" library="SeleniumLibrary">
<arg>${element}</arg>
<doc>Waits until the element ``locator`` is visible.</doc>
<status status="PASS" starttime="20250719 01:25:58.896" endtime="20250719 01:25:58.951"/>
</kw>
<kw name="Input Text" library="SeleniumLibrary">
<arg>${element}</arg>
<arg>${element_value}</arg>
<doc>Types the given ``text`` into the text field identified by ``locator``.</doc>
<msg timestamp="20250719 01:25:58.953" level="INFO">Typing text 'K S' into text field 'name=middleName'.</msg>
<status status="PASS" starttime="20250719 01:25:58.952" endtime="20250719 01:25:59.159"/>
</kw>
<kw name="Log" library="BuiltIn">
<arg>Entered ${element_value} in the the ${element_name}</arg>
<doc>Logs the given message with the given level.</doc>
<msg timestamp="20250719 01:25:59.160" level="INFO">Entered K S in the the Middlename</msg>
<status status="PASS" starttime="20250719 01:25:59.159" endtime="20250719 01:25:59.160"/>
</kw>
<status status="PASS" starttime="20250719 01:25:58.896" endtime="20250719 01:25:59.161"/>
</kw>
<status status="PASS" starttime="20250719 01:25:57.428" endtime="20250719 01:25:59.161"/>
</kw>
<kw name="Enter Lastname" library="MyInfoKeywords">
<kw name="Clear Text" library="Generics">
<arg>${LASTNAME}</arg>
<arg>Lastname</arg>
<kw name="Wait Until Element Is Visible" library="SeleniumLibrary">
<arg>${element}</arg>
<doc>Waits until the element ``locator`` is visible.</doc>
<status status="PASS" starttime="20250719 01:25:59.164" endtime="20250719 01:25:59.210"/>
</kw>
<kw name="Run Keyword And Ignore Error" library="BuiltIn">
<arg>clear element text</arg>
<arg>${element}</arg>
<doc>Runs the given keyword with the given arguments and ignores possible error.</doc>
<kw name="Clear Element Text" library="SeleniumLibrary">
<arg>${element}</arg>
<doc>Clears the value of the text-input-element identified by ``locator``.</doc>
<status status="PASS" starttime="20250719 01:25:59.210" endtime="20250719 01:25:59.303"/>
</kw>
<status status="PASS" starttime="20250719 01:25:59.210" endtime="20250719 01:25:59.303"/>
</kw>
<kw name="Run Keyword And Ignore Error" library="BuiltIn">
<arg>execute javascript</arg>
<arg>arguments[0].value = '';</arg>
<arg>${element}</arg>
<doc>Runs the given keyword with the given arguments and ignores possible error.</doc>
<kw name="Execute Javascript" library="SeleniumLibrary">
<arg>arguments[0].value = '';</arg>
<arg>${element}</arg>
<doc>Executes the given JavaScript code with possible arguments.</doc>
<msg timestamp="20250719 01:25:59.319" level="INFO">Executing JavaScript:
arguments[0].value = '';name=lastName
Without any arguments.</msg>
<msg timestamp="20250719 01:25:59.739" level="INFO" html="true">&lt;/td&gt;&lt;/tr&gt;&lt;tr&gt;&lt;td colspan="3"&gt;&lt;a href="selenium-screenshot-31.png"&gt;&lt;img src="selenium-screenshot-31.png" width="800px"&gt;&lt;/a&gt;</msg>
<msg timestamp="20250719 01:25:59.739" level="FAIL">JavascriptException: Message: javascript error: Cannot set properties of undefined (setting 'value')
  (Session info: chrome=109.0.5414.120)
Stacktrace:
Backtrace:
	(No symbol) [0x00436643]
	(No symbol) [0x003CBE21]
	(No symbol) [0x002CDA9D]
	(No symbol) [0x002D09E4]
	(No symbol) [0x002D08AD]
	(No symbol) [0x002D12E5]
	(No symbol) [0x003379F7]
	(No symbol) [0x0031FD7C]
	(No symbol) [0x00336B09]
	(No symbol) [0x0031FB76]
	(No symbol) [0x002F49C1]
	(No symbol) [0x002F5E5D]
	GetHandleVerifier [0x006AA142+2497106]
	GetHandleVerifier [0x006D85D3+2686691]
	GetHandleVerifier [0x006DBB9C+2700460]
	GetHandleVerifier [0x004E3B10+635936]
	(No symbol) [0x003D4A1F]
	(No symbol) [0x003DA418]
	(No symbol) [0x003DA505]
	(No symbol) [0x003E508B]
	BaseThreadInitThunk [0x758733CA+18]
	RtlInitializeExceptionChain [0x77739ED2+99]
	RtlInitializeExceptionChain [0x77739EA5+54]
</msg>
<status status="FAIL" starttime="20250719 01:25:59.303" endtime="20250719 01:25:59.739"/>
</kw>
<status status="PASS" starttime="20250719 01:25:59.303" endtime="20250719 01:25:59.739"/>
</kw>
<kw name="Run Keyword And Ignore Error" library="BuiltIn">
<arg>click element</arg>
<arg>${element}</arg>
<doc>Runs the given keyword with the given arguments and ignores possible error.</doc>
<kw name="Click Element" library="SeleniumLibrary">
<arg>${element}</arg>
<doc>Click the element identified by ``locator``.</doc>
<msg timestamp="20250719 01:25:59.739" level="INFO">Clicking element 'name=lastName'.</msg>
<status status="PASS" starttime="20250719 01:25:59.739" endtime="20250719 01:25:59.833"/>
</kw>
<status status="PASS" starttime="20250719 01:25:59.739" endtime="20250719 01:25:59.833"/>
</kw>
<kw name="Run Keyword And Ignore Error" library="BuiltIn">
<arg>press keys</arg>
<arg>${element}</arg>
<arg>CTRL+A</arg>
<doc>Runs the given keyword with the given arguments and ignores possible error.</doc>
<kw name="Press Keys" library="SeleniumLibrary">
<arg>${element}</arg>
<arg>CTRL+A</arg>
<doc>Simulates the user pressing key(s) to an element or on the active browser.</doc>
<msg timestamp="20250719 01:25:59.850" level="INFO">Sending key(s) ('CTRL+A',) to name=lastName element.</msg>
<msg timestamp="20250719 01:26:00.146" level="INFO">Pressing special key CONTROL down.</msg>
<msg timestamp="20250719 01:26:00.146" level="INFO">Sending key A</msg>
<msg timestamp="20250719 01:26:00.146" level="INFO">Releasing special key CONTROL.</msg>
<status status="PASS" starttime="20250719 01:25:59.833" endtime="20250719 01:26:00.162"/>
</kw>
<status status="PASS" starttime="20250719 01:25:59.833" endtime="20250719 01:26:00.162"/>
</kw>
<kw name="Sleep" library="BuiltIn">
<arg>200ms</arg>
<doc>Pauses the test executed for the given time.</doc>
<msg timestamp="20250719 01:26:00.367" level="INFO">Slept 200 milliseconds</msg>
<status status="PASS" starttime="20250719 01:26:00.162" endtime="20250719 01:26:00.367"/>
</kw>
<kw name="Run Keyword And Ignore Error" library="BuiltIn">
<arg>press keys</arg>
<arg>${element}</arg>
<arg>DELETE</arg>
<doc>Runs the given keyword with the given arguments and ignores possible error.</doc>
<kw name="Press Keys" library="SeleniumLibrary">
<arg>${element}</arg>
<arg>DELETE</arg>
<doc>Simulates the user pressing key(s) to an element or on the active browser.</doc>
<msg timestamp="20250719 01:26:00.367" level="INFO">Sending key(s) ('DELETE',) to name=lastName element.</msg>
<msg timestamp="20250719 01:26:00.645" level="INFO">Pressing special key DELETE to element.</msg>
<msg timestamp="20250719 01:26:00.645" level="INFO">Releasing special key DELETE.</msg>
<status status="PASS" starttime="20250719 01:26:00.367" endtime="20250719 01:26:00.684"/>
</kw>
<status status="PASS" starttime="20250719 01:26:00.367" endtime="20250719 01:26:00.684"/>
</kw>
<kw name="Log" library="BuiltIn">
<arg>Cleared the text in ${element_name}</arg>
<doc>Logs the given message with the given level.</doc>
<msg timestamp="20250719 01:26:00.685" level="INFO">Cleared the text in Lastname</msg>
<status status="PASS" starttime="20250719 01:26:00.684" endtime="20250719 01:26:00.685"/>
</kw>
<status status="PASS" starttime="20250719 01:25:59.163" endtime="20250719 01:26:00.686"/>
</kw>
<kw name="Enter Page Text" library="Generics">
<arg>${LASTNAME}</arg>
<arg>Kolige</arg>
<arg>Lastname</arg>
<kw name="Wait Until Element Is Visible" library="SeleniumLibrary">
<arg>${element}</arg>
<doc>Waits until the element ``locator`` is visible.</doc>
<status status="PASS" starttime="20250719 01:26:00.688" endtime="20250719 01:26:00.726"/>
</kw>
<kw name="Input Text" library="SeleniumLibrary">
<arg>${element}</arg>
<arg>${element_value}</arg>
<doc>Types the given ``text`` into the text field identified by ``locator``.</doc>
<msg timestamp="20250719 01:26:00.728" level="INFO">Typing text 'Kolige' into text field 'name=lastName'.</msg>
<status status="PASS" starttime="20250719 01:26:00.727" endtime="20250719 01:26:00.986"/>
</kw>
<kw name="Log" library="BuiltIn">
<arg>Entered ${element_value} in the the ${element_name}</arg>
<doc>Logs the given message with the given level.</doc>
<msg timestamp="20250719 01:26:00.988" level="INFO">Entered Kolige in the the Lastname</msg>
<status status="PASS" starttime="20250719 01:26:00.986" endtime="20250719 01:26:00.988"/>
</kw>
<status status="PASS" starttime="20250719 01:26:00.686" endtime="20250719 01:26:00.988"/>
</kw>
<status status="PASS" starttime="20250719 01:25:59.162" endtime="20250719 01:26:00.989"/>
</kw>
<kw name="Select Gender" library="MyInfoKeywords">
<kw name="Click Page Element" library="Generics">
<arg>${FEMALE}</arg>
<arg>Female</arg>
<kw name="Wait Until Element Is Visible" library="SeleniumLibrary">
<arg>${element}</arg>
<doc>Waits until the element ``locator`` is visible.</doc>
<status status="PASS" starttime="20250719 01:26:00.992" endtime="20250719 01:26:01.042"/>
</kw>
<kw name="Scroll Element Into View" library="SeleniumLibrary">
<arg>${element}</arg>
<doc>Scrolls the element identified by ``locator`` into view.</doc>
<status status="PASS" starttime="20250719 01:26:01.042" endtime="20250719 01:26:01.344"/>
</kw>
<kw name="Click Element" library="SeleniumLibrary">
<arg>${element}</arg>
<doc>Click the element identified by ``locator``.</doc>
<msg timestamp="20250719 01:26:01.344" level="INFO">Clicking element 'xpath=//input[@value='2']//parent::label'.</msg>
<status status="PASS" starttime="20250719 01:26:01.344" endtime="20250719 01:26:01.459"/>
</kw>
<kw name="Log" library="BuiltIn">
<arg>Clicked on the element ${element_name}</arg>
<doc>Logs the given message with the given level.</doc>
<msg timestamp="20250719 01:26:01.460" level="INFO">Clicked on the element Female</msg>
<status status="PASS" starttime="20250719 01:26:01.459" endtime="20250719 01:26:01.460"/>
</kw>
<status status="PASS" starttime="20250719 01:26:00.990" endtime="20250719 01:26:01.461"/>
</kw>
<status status="PASS" starttime="20250719 01:26:00.989" endtime="20250719 01:26:01.461"/>
</kw>
<kw name="Add Attachments" library="MyInfoKeywords">
<kw name="Scroll To Extream Bottom" library="Generics">
<doc>Scrolls vertically till end of the page</doc>
<kw name="Execute Javascript" library="SeleniumLibrary">
<arg>window.scrollTo(0, document.body.scrollHeight);</arg>
<doc>Executes the given JavaScript code with possible arguments.</doc>
<msg timestamp="20250719 01:26:01.465" level="INFO">Executing JavaScript:
window.scrollTo(0, document.body.scrollHeight);
Without any arguments.</msg>
<status status="PASS" starttime="20250719 01:26:01.464" endtime="20250719 01:26:01.504"/>
</kw>
<kw name="Log" library="BuiltIn">
<arg>Scrolled to the extream bottom of the page</arg>
<doc>Logs the given message with the given level.</doc>
<msg timestamp="20250719 01:26:01.505" level="INFO">Scrolled to the extream bottom of the page</msg>
<status status="PASS" starttime="20250719 01:26:01.505" endtime="20250719 01:26:01.506"/>
</kw>
<status status="PASS" starttime="20250719 01:26:01.463" endtime="20250719 01:26:01.506"/>
</kw>
<kw name="Click Page Button" library="Generics">
<arg>${ADD}</arg>
<arg>Add</arg>
<kw name="Wait Until Element Is Visible" library="SeleniumLibrary">
<arg>${element}</arg>
<doc>Waits until the element ``locator`` is visible.</doc>
<status status="PASS" starttime="20250719 01:26:01.508" endtime="20250719 01:26:01.557"/>
</kw>
<kw name="Scroll Element Into View" library="SeleniumLibrary">
<arg>${element}</arg>
<doc>Scrolls the element identified by ``locator`` into view.</doc>
<status status="PASS" starttime="20250719 01:26:01.557" endtime="20250719 01:26:01.840"/>
</kw>
<kw name="Click Button" library="SeleniumLibrary">
<arg>${element}</arg>
<doc>Clicks the button identified by ``locator``.</doc>
<msg timestamp="20250719 01:26:01.840" level="INFO">Clicking button 'xpath=//button[text()=' Add ']'.</msg>
<status status="PASS" starttime="20250719 01:26:01.840" endtime="20250719 01:26:02.006"/>
</kw>
<kw name="Log" library="BuiltIn">
<arg>Clicked on the button ${element_name}</arg>
<doc>Logs the given message with the given level.</doc>
<msg timestamp="20250719 01:26:02.007" level="INFO">Clicked on the button Add</msg>
<status status="PASS" starttime="20250719 01:26:02.007" endtime="20250719 01:26:02.008"/>
</kw>
<status status="PASS" starttime="20250719 01:26:01.507" endtime="20250719 01:26:02.008"/>
</kw>
<kw name="Upload Files From Windows Popup" library="Generics">
<arg>${BROWSE}</arg>
<arg>test.png</arg>
<arg>Browse to Upload</arg>
<doc>Kindly place the file to be uploaded under the folder Library/Upload_Files</doc>
<kw name="Click Page Element" library="Generics">
<arg>${element}</arg>
<arg>${element_name}</arg>
<kw name="Wait Until Element Is Visible" library="SeleniumLibrary">
<arg>${element}</arg>
<doc>Waits until the element ``locator`` is visible.</doc>
<status status="PASS" starttime="20250719 01:26:02.012" endtime="20250719 01:26:02.088"/>
</kw>
<kw name="Scroll Element Into View" library="SeleniumLibrary">
<arg>${element}</arg>
<doc>Scrolls the element identified by ``locator`` into view.</doc>
<status status="PASS" starttime="20250719 01:26:02.088" endtime="20250719 01:26:02.363"/>
</kw>
<kw name="Click Element" library="SeleniumLibrary">
<arg>${element}</arg>
<doc>Click the element identified by ``locator``.</doc>
<msg timestamp="20250719 01:26:02.363" level="INFO">Clicking element 'class=oxd-file-button'.</msg>
<status status="PASS" starttime="20250719 01:26:02.363" endtime="20250719 01:26:02.441"/>
</kw>
<kw name="Log" library="BuiltIn">
<arg>Clicked on the element ${element_name}</arg>
<doc>Logs the given message with the given level.</doc>
<msg timestamp="20250719 01:26:02.441" level="INFO">Clicked on the element Browse to Upload</msg>
<status status="PASS" starttime="20250719 01:26:02.441" endtime="20250719 01:26:02.441"/>
</kw>
<status status="PASS" starttime="20250719 01:26:02.010" endtime="20250719 01:26:02.441"/>
</kw>
<kw name="typewrite">
<arg>E:\\Python\\Robot_TestAutomationFramework\\Library\\Custom_Keywords/../Upload_Files/${file_to_upload}</arg>
<msg timestamp="20250719 01:26:02.466" level="FAIL">No keyword with name 'typewrite' found.</msg>
<status status="FAIL" starttime="20250719 01:26:02.466" endtime="20250719 01:26:02.466"/>
</kw>
<kw name="Press Keys" library="SeleniumLibrary">
<arg>Enter</arg>
<doc>Simulates the user pressing key(s) to an element or on the active browser.</doc>
<status status="NOT RUN" starttime="20250719 01:26:02.467" endtime="20250719 01:26:02.467"/>
</kw>
<kw name="Log" library="BuiltIn">
<arg>Uploaded the file ${file_to_upload}</arg>
<doc>Logs the given message with the given level.</doc>
<status status="NOT RUN" starttime="20250719 01:26:02.468" endtime="20250719 01:26:02.468"/>
</kw>
<status status="FAIL" starttime="20250719 01:26:02.009" endtime="20250719 01:26:02.469"/>
</kw>
<kw name="Click Page Button" library="Generics">
<arg>${CUSTOM_SAVE}</arg>
<arg>Custom Save</arg>
<status status="NOT RUN" starttime="20250719 01:26:02.470" endtime="20250719 01:26:02.470"/>
</kw>
<status status="FAIL" starttime="20250719 01:26:01.461" endtime="20250719 01:26:02.471"/>
</kw>
<kw name="Click Save" library="MyInfoKeywords">
<status status="NOT RUN" starttime="20250719 01:26:02.472" endtime="20250719 01:26:02.472"/>
</kw>
<kw name="Test Teardown" library="BaseTest" type="TEARDOWN">
<kw name="Get Current Date" library="DateTime">
<var>${today}</var>
<arg>result_format=%d%m%y_%H%M%S</arg>
<doc>Returns current local or UTC time with an optional increment.</doc>
<msg timestamp="20250719 01:26:02.475" level="INFO">${today} = 190725_012602</msg>
<status status="PASS" starttime="20250719 01:26:02.474" endtime="20250719 01:26:02.475"/>
</kw>
<kw name="Capture Page Screenshot" library="SeleniumLibrary">
<arg>${OUTPUT_DIR}/Screenshots/TearDown_${today}.png</arg>
<doc>Takes a screenshot of the current page and embeds it into a log file.</doc>
<msg timestamp="20250719 01:26:03.160" level="INFO" html="true">&lt;/td&gt;&lt;/tr&gt;&lt;tr&gt;&lt;td colspan="3"&gt;&lt;a href="Screenshots/TearDown_190725_012602.png"&gt;&lt;img src="Screenshots/TearDown_190725_012602.png" width="800px"&gt;&lt;/a&gt;</msg>
<status status="PASS" starttime="20250719 01:26:02.476" endtime="20250719 01:26:03.161"/>
</kw>
<kw name="Close All Browsers" library="SeleniumLibrary">
<doc>Closes all open browsers and resets the browser cache.</doc>
<status status="PASS" starttime="20250719 01:26:03.161" endtime="20250719 01:26:06.759"/>
</kw>
<status status="PASS" starttime="20250719 01:26:02.473" endtime="20250719 01:26:06.759"/>
</kw>
<doc>Test login with correct username and password.</doc>
<status status="FAIL" starttime="20250719 01:25:35.259" endtime="20250719 01:26:06.759">No keyword with name 'typewrite' found.</status>
</test>
<status status="FAIL" starttime="20250719 01:25:34.604" endtime="20250719 01:26:06.759"/>
</suite>
<status status="FAIL" starttime="20250719 01:25:34.542" endtime="20250719 01:26:06.759"/>
</suite>
<statistics>
<total>
<stat pass="0" fail="1" skip="0">All Tests</stat>
</total>
<tag>
</tag>
<suite>
<stat pass="0" fail="1" skip="0" id="s1" name="Regression">Regression</stat>
<stat pass="0" fail="1" skip="0" id="s1-s1" name="MyInfo">Regression.MyInfo</stat>
</suite>
</statistics>
<errors>
<msg timestamp="20250719 01:25:35.228" level="ERROR">Error in file 'E:\Python\Robot_TestAutomationFramework\Library\Custom_Keywords\Generics.robot' on line 4: Importing library 'PyAutoGUI' failed: ModuleNotFoundError: No module named 'PyAutoGUI'
Traceback (most recent call last):
  None
PYTHONPATH:
  C:\Users\Intel\AppData\Local\Programs\Python\Python37-32\Scripts\robot.exe
  E:\Python\Robot_TestAutomationFramework
  c:\users\intel\appdata\local\programs\python\python37-32\python37.zip
  c:\users\intel\appdata\local\programs\python\python37-32\DLLs
  c:\users\intel\appdata\local\programs\python\python37-32\lib
  c:\users\intel\appdata\local\programs\python\python37-32
  C:\Users\Intel\AppData\Roaming\Python\Python37\site-packages
  c:\users\intel\appdata\local\programs\python\python37-32\lib\site-packages</msg>
</errors>
</robot>
