<?xml version="1.0" encoding="UTF-8"?>
<robot generator="Robot 6.0.2 (Python 3.7.5 on win32)" generated="20250710 19:40:09.571" rpa="false" schemaversion="3">
<suite id="s1" name="Login Test" source="E:\Python\Robot_TestAutomationFramework\Tests\Smoke\Login_Test.robot">
<test id="s1-t1" name="Validate Successful Login" line="8">
<kw name="Test Setup" library="BaseTest" type="SETUP">
<kw name="Open Browser" library="SeleniumLibrary">
<arg>${LOGIN_URL}</arg>
<arg>${BROWSER}</arg>
<doc>Opens a new browser instance to the optional ``url``.</doc>
<msg timestamp="20250710 19:40:10.242" level="INFO">Opening browser 'Chrome' to base url 'https://opensource-demo.orangehrmlive.com/'.</msg>
<msg timestamp="20250710 19:40:10.242" level="INFO">Executing: c:\users\intel\appdata\local\programs\python\python37-32\lib\site-packages\selenium\webdriver\common\windows\selenium-manager.exe --browser chrome --output json</msg>
<status status="PASS" starttime="20250710 19:40:10.242" endtime="20250710 19:40:22.573"/>
</kw>
<kw name="Maximize Browser Window" library="SeleniumLibrary">
<doc>Maximizes current browser window.</doc>
<status status="PASS" starttime="20250710 19:40:22.574" endtime="20250710 19:40:22.742"/>
</kw>
<status status="PASS" starttime="20250710 19:40:10.242" endtime="20250710 19:40:22.742"/>
</kw>
<kw name="Enter Valid Username" library="LoginKeywords">
<kw name="Wait Until Element Is Visible" library="SeleniumLibrary">
<arg>${USERNAME_FIELD}</arg>
<doc>Waits until the element ``locator`` is visible.</doc>
<status status="PASS" starttime="20250710 19:40:22.742" endtime="20250710 19:40:23.519"/>
</kw>
<kw name="Input Text" library="SeleniumLibrary">
<arg>${USERNAME_FIELD}</arg>
<arg>${VALID_USERNAME}</arg>
<doc>Types the given ``text`` into the text field identified by ``locator``.</doc>
<msg timestamp="20250710 19:40:23.521" level="INFO">Typing text 'Admin' into text field 'name=username'.</msg>
<status status="PASS" starttime="20250710 19:40:23.520" endtime="20250710 19:40:23.764"/>
</kw>
<status status="PASS" starttime="20250710 19:40:22.742" endtime="20250710 19:40:23.765"/>
</kw>
<kw name="Enter Valid Password" library="LoginKeywords">
<kw name="Wait Until Element Is Visible" library="SeleniumLibrary">
<arg>${PASSWORD_FIELD}</arg>
<doc>Waits until the element ``locator`` is visible.</doc>
<status status="PASS" starttime="20250710 19:40:23.772" endtime="20250710 19:40:23.881"/>
</kw>
<kw name="Input Password" library="SeleniumLibrary">
<arg>${PASSWORD_FIELD}</arg>
<arg>${VALID_PASSWORD}</arg>
<doc>Types the given password into the text field identified by ``locator``.</doc>
<msg timestamp="20250710 19:40:23.883" level="INFO">Typing password into text field 'name=password'.</msg>
<msg timestamp="20250710 19:40:24.003" level="INFO">Temporally setting log level to: NONE</msg>
<msg timestamp="20250710 19:40:24.126" level="INFO">Log level changed from NONE to INFO.</msg>
<status status="PASS" starttime="20250710 19:40:23.881" endtime="20250710 19:40:24.126"/>
</kw>
<status status="PASS" starttime="20250710 19:40:23.771" endtime="20250710 19:40:24.126"/>
</kw>
<kw name="Click Login Button" library="LoginKeywords">
<kw name="Wait Until Element Is Visible" library="SeleniumLibrary">
<arg>${LOGIN_BUTTON}</arg>
<doc>Waits until the element ``locator`` is visible.</doc>
<status status="PASS" starttime="20250710 19:40:24.128" endtime="20250710 19:40:24.176"/>
</kw>
<kw name="Click Button" library="SeleniumLibrary">
<arg>${LOGIN_BUTTON}</arg>
<doc>Clicks the button identified by ``locator``.</doc>
<msg timestamp="20250710 19:40:24.176" level="INFO">Clicking button 'xpath=//button[text()=' Login ']'.</msg>
<status status="PASS" starttime="20250710 19:40:24.176" endtime="20250710 19:40:26.330"/>
</kw>
<status status="PASS" starttime="20250710 19:40:24.127" endtime="20250710 19:40:26.331"/>
</kw>
<kw name="Verify Dashboard" library="LoginKeywords">
<kw name="Wait Until Location Contains" library="SeleniumLibrary">
<arg>dashboard</arg>
<doc>Waits until the current URL contains ``expected``.</doc>
<status status="PASS" starttime="20250710 19:40:26.344" endtime="20250710 19:40:26.363"/>
</kw>
<kw name="Get Location" library="SeleniumLibrary">
<var>${current_url}</var>
<doc>Returns the current browser window URL.</doc>
<msg timestamp="20250710 19:40:26.426" level="INFO">${current_url} = https://opensource-demo.orangehrmlive.com/web/index.php/dashboard/index</msg>
<status status="PASS" starttime="20250710 19:40:26.363" endtime="20250710 19:40:26.426"/>
</kw>
<kw name="Should Be Equal As Strings" library="BuiltIn">
<arg>${current_url}</arg>
<arg>${dashboard_url}</arg>
<doc>Fails if objects are unequal after converting them to strings.</doc>
<status status="PASS" starttime="20250710 19:40:26.427" endtime="20250710 19:40:26.430"/>
</kw>
<status status="PASS" starttime="20250710 19:40:26.343" endtime="20250710 19:40:26.431"/>
</kw>
<kw name="Test Teardown" library="BaseTest" type="TEARDOWN">
<kw name="Close All Browsers" library="SeleniumLibrary">
<doc>Closes all open browsers and resets the browser cache.</doc>
<status status="PASS" starttime="20250710 19:40:26.441" endtime="20250710 19:40:28.963"/>
</kw>
<status status="PASS" starttime="20250710 19:40:26.439" endtime="20250710 19:40:28.963"/>
</kw>
<status status="PASS" starttime="20250710 19:40:10.226" endtime="20250710 19:40:28.963"/>
</test>
<test id="s1-t2" name="Validate Login Failure" line="14">
<kw name="Test Setup" library="BaseTest" type="SETUP">
<kw name="Open Browser" library="SeleniumLibrary">
<arg>${LOGIN_URL}</arg>
<arg>${BROWSER}</arg>
<doc>Opens a new browser instance to the optional ``url``.</doc>
<msg timestamp="20250710 19:40:28.963" level="INFO">Opening browser 'Chrome' to base url 'https://opensource-demo.orangehrmlive.com/'.</msg>
<msg timestamp="20250710 19:40:28.978" level="INFO">Executing: c:\users\intel\appdata\local\programs\python\python37-32\lib\site-packages\selenium\webdriver\common\windows\selenium-manager.exe --browser chrome --output json</msg>
<status status="PASS" starttime="20250710 19:40:28.963" endtime="20250710 19:40:41.252"/>
</kw>
<kw name="Maximize Browser Window" library="SeleniumLibrary">
<doc>Maximizes current browser window.</doc>
<status status="PASS" starttime="20250710 19:40:41.253" endtime="20250710 19:40:41.422"/>
</kw>
<status status="PASS" starttime="20250710 19:40:28.963" endtime="20250710 19:40:41.422"/>
</kw>
<kw name="Enter Invalid Username" library="LoginKeywords">
<kw name="Wait Until Element Is Visible" library="SeleniumLibrary">
<arg>${USERNAME_FIELD}</arg>
<doc>Waits until the element ``locator`` is visible.</doc>
<status status="PASS" starttime="20250710 19:40:41.422" endtime="20250710 19:40:42.335"/>
</kw>
<kw name="Input Text" library="SeleniumLibrary">
<arg>${USERNAME_FIELD}</arg>
<arg>something</arg>
<doc>Types the given ``text`` into the text field identified by ``locator``.</doc>
<msg timestamp="20250710 19:40:42.337" level="INFO">Typing text 'something' into text field 'name=username'.</msg>
<status status="PASS" starttime="20250710 19:40:42.335" endtime="20250710 19:40:42.545"/>
</kw>
<status status="PASS" starttime="20250710 19:40:41.422" endtime="20250710 19:40:42.546"/>
</kw>
<kw name="Enter Invalid Password" library="LoginKeywords">
<kw name="Wait Until Element Is Visible" library="SeleniumLibrary">
<arg>${PASSWORD_FIELD}</arg>
<doc>Waits until the element ``locator`` is visible.</doc>
<status status="PASS" starttime="20250710 19:40:42.552" endtime="20250710 19:40:42.624"/>
</kw>
<kw name="Input Password" library="SeleniumLibrary">
<arg>${PASSWORD_FIELD}</arg>
<arg>something</arg>
<doc>Types the given password into the text field identified by ``locator``.</doc>
<msg timestamp="20250710 19:40:42.624" level="INFO">Typing password into text field 'name=password'.</msg>
<msg timestamp="20250710 19:40:42.742" level="INFO">Temporally setting log level to: NONE</msg>
<msg timestamp="20250710 19:40:42.888" level="INFO">Log level changed from NONE to INFO.</msg>
<status status="PASS" starttime="20250710 19:40:42.624" endtime="20250710 19:40:42.888"/>
</kw>
<status status="PASS" starttime="20250710 19:40:42.550" endtime="20250710 19:40:42.889"/>
</kw>
<kw name="Click Login Button" library="LoginKeywords">
<kw name="Wait Until Element Is Visible" library="SeleniumLibrary">
<arg>${LOGIN_BUTTON}</arg>
<doc>Waits until the element ``locator`` is visible.</doc>
<status status="PASS" starttime="20250710 19:40:42.891" endtime="20250710 19:40:42.925"/>
</kw>
<kw name="Click Button" library="SeleniumLibrary">
<arg>${LOGIN_BUTTON}</arg>
<doc>Clicks the button identified by ``locator``.</doc>
<msg timestamp="20250710 19:40:42.925" level="INFO">Clicking button 'xpath=//button[text()=' Login ']'.</msg>
<status status="PASS" starttime="20250710 19:40:42.925" endtime="20250710 19:40:43.050"/>
</kw>
<status status="PASS" starttime="20250710 19:40:42.890" endtime="20250710 19:40:43.050"/>
</kw>
<kw name="Verify Error Message" library="LoginKeywords">
<kw name="Wait Until Element Is Visible" library="SeleniumLibrary">
<arg>${LOGIN_ERROR_MSG}</arg>
<doc>Waits until the element ``locator`` is visible.</doc>
<status status="PASS" starttime="20250710 19:40:43.066" endtime="20250710 19:40:44.896"/>
</kw>
<kw name="Get Text" library="SeleniumLibrary">
<var>${err}</var>
<arg>${LOGIN_ERROR_MSG}</arg>
<doc>Returns the text value of the element identified by ``locator``.</doc>
<msg timestamp="20250710 19:40:44.990" level="INFO">${err} = Invalid credentials</msg>
<status status="PASS" starttime="20250710 19:40:44.896" endtime="20250710 19:40:44.990"/>
</kw>
<kw name="Should Be Equal As Strings" library="BuiltIn">
<arg>${err}</arg>
<arg>Invalid credentials</arg>
<doc>Fails if objects are unequal after converting them to strings.</doc>
<status status="PASS" starttime="20250710 19:40:44.990" endtime="20250710 19:40:44.990"/>
</kw>
<status status="PASS" starttime="20250710 19:40:43.050" endtime="20250710 19:40:44.990"/>
</kw>
<kw name="Test Teardown" library="BaseTest" type="TEARDOWN">
<kw name="Close All Browsers" library="SeleniumLibrary">
<doc>Closes all open browsers and resets the browser cache.</doc>
<status status="PASS" starttime="20250710 19:40:44.990" endtime="20250710 19:40:47.316"/>
</kw>
<status status="PASS" starttime="20250710 19:40:44.990" endtime="20250710 19:40:47.316"/>
</kw>
<status status="PASS" starttime="20250710 19:40:28.963" endtime="20250710 19:40:47.316"/>
</test>
<status status="PASS" starttime="20250710 19:40:09.571" endtime="20250710 19:40:47.316"/>
</suite>
<statistics>
<total>
<stat pass="2" fail="0" skip="0">All Tests</stat>
</total>
<tag>
</tag>
<suite>
<stat pass="2" fail="0" skip="0" id="s1" name="Login Test">Login Test</stat>
</suite>
</statistics>
<errors>
<msg timestamp="20250710 19:40:10.211" level="WARN">Imported resource file 'E:\Python\Robot_TestAutomationFramework\Library\Custom_Keywords\Generics.robot' is empty.</msg>
<msg timestamp="20250710 19:40:10.226" level="ERROR">Error in file 'E:\Python\Robot_TestAutomationFramework\Tests\Resources\Variables\GlobalVariables.robot' on line 17: Setting variable '${PAGE_LOAD_TIMEOUT} 10s' failed: Invalid variable name '${PAGE_LOAD_TIMEOUT} 10s'.</msg>
</errors>
</robot>
