<?xml version="1.0" encoding="UTF-8"?>
<robot generator="Robot 6.0.2 (Python 3.7.5 on win32)" generated="20250711 15:14:31.786" rpa="false" schemaversion="3">
<suite id="s1" name="Login Test" source="E:\Python\Robot_TestAutomationFramework\Tests\Smoke\Login_Test.robot">
<test id="s1-t1" name="Validate Successful Login" line="8">
<kw name="Test Setup" library="BaseTest" type="SETUP">
<kw name="Open Browser" library="SeleniumLibrary">
<arg>${LOGIN_URL}</arg>
<arg>${BROWSER}</arg>
<doc>Opens a new browser instance to the optional ``url``.</doc>
<msg timestamp="20250711 15:14:32.488" level="INFO">Opening browser 'Chrome' to base url 'https://opensource-demo.orangehrmlive.com/'.</msg>
<msg timestamp="20250711 15:14:32.503" level="INFO">Executing: c:\users\intel\appdata\local\programs\python\python37-32\lib\site-packages\selenium\webdriver\common\windows\selenium-manager.exe --browser chrome --output json</msg>
<status status="PASS" starttime="20250711 15:14:32.488" endtime="20250711 15:14:52.627"/>
</kw>
<kw name="Maximize Browser Window" library="SeleniumLibrary">
<doc>Maximizes current browser window.</doc>
<status status="PASS" starttime="20250711 15:14:52.628" endtime="20250711 15:14:52.964"/>
</kw>
<status status="PASS" starttime="20250711 15:14:32.488" endtime="20250711 15:14:52.964"/>
</kw>
<kw name="Enter Valid Username" library="LoginKeywords">
<kw name="Wait Until Element Is Visible" library="SeleniumLibrary">
<arg>${USERNAME_FIELD}</arg>
<doc>Waits until the element ``locator`` is visible.</doc>
<status status="PASS" starttime="20250711 15:14:52.964" endtime="20250711 15:14:55.932"/>
</kw>
<kw name="Input Text" library="SeleniumLibrary">
<arg>${USERNAME_FIELD}</arg>
<arg>${VALID_USERNAME}</arg>
<doc>Types the given ``text`` into the text field identified by ``locator``.</doc>
<msg timestamp="20250711 15:14:55.932" level="INFO">Typing text 'Admin' into text field 'name=username'.</msg>
<status status="PASS" starttime="20250711 15:14:55.932" endtime="20250711 15:14:56.515"/>
</kw>
<status status="PASS" starttime="20250711 15:14:52.964" endtime="20250711 15:14:56.515"/>
</kw>
<kw name="Enter Valid Password" library="LoginKeywords">
<kw name="Wait Until Element Is Visible" library="SeleniumLibrary">
<arg>${PASSWORD_FIELD}</arg>
<doc>Waits until the element ``locator`` is visible.</doc>
<status status="PASS" starttime="20250711 15:14:56.517" endtime="20250711 15:14:56.563"/>
</kw>
<kw name="Input Password" library="SeleniumLibrary">
<arg>${PASSWORD_FIELD}</arg>
<arg>${VALID_PASSWORD}</arg>
<doc>Types the given password into the text field identified by ``locator``.</doc>
<msg timestamp="20250711 15:14:56.563" level="INFO">Typing password into text field 'name=password'.</msg>
<msg timestamp="20250711 15:14:56.704" level="INFO">Temporally setting log level to: NONE</msg>
<msg timestamp="20250711 15:14:56.908" level="INFO">Log level changed from NONE to INFO.</msg>
<status status="PASS" starttime="20250711 15:14:56.563" endtime="20250711 15:14:56.908"/>
</kw>
<status status="PASS" starttime="20250711 15:14:56.516" endtime="20250711 15:14:56.909"/>
</kw>
<kw name="Click Login Button" library="LoginKeywords">
<kw name="click_button" library="Generics">
<arg>${LOGIN_BUTTON}</arg>
<msg timestamp="20250711 15:14:56.912" level="FAIL">Keyword 'Generics.click_button' expected 2 arguments, got 1.</msg>
<status status="FAIL" starttime="20250711 15:14:56.911" endtime="20250711 15:14:56.912"/>
</kw>
<status status="FAIL" starttime="20250711 15:14:56.910" endtime="20250711 15:14:56.912"/>
</kw>
<kw name="Verify Dashboard" library="LoginKeywords">
<status status="NOT RUN" starttime="20250711 15:14:56.914" endtime="20250711 15:14:56.914"/>
</kw>
<kw name="Test Teardown" library="BaseTest" type="TEARDOWN">
<kw name="Capture Page Screenshot" library="SeleniumLibrary">
<doc>Takes a screenshot of the current page and embeds it into a log file.</doc>
<msg timestamp="20250711 15:14:57.430" level="INFO" html="true">&lt;/td&gt;&lt;/tr&gt;&lt;tr&gt;&lt;td colspan="3"&gt;&lt;a href="selenium-screenshot-5.png"&gt;&lt;img src="selenium-screenshot-5.png" width="800px"&gt;&lt;/a&gt;</msg>
<status status="PASS" starttime="20250711 15:14:56.917" endtime="20250711 15:14:57.430"/>
</kw>
<kw name="Close All Browsers" library="SeleniumLibrary">
<doc>Closes all open browsers and resets the browser cache.</doc>
<status status="PASS" starttime="20250711 15:14:57.430" endtime="20250711 15:15:00.372"/>
</kw>
<status status="PASS" starttime="20250711 15:14:56.916" endtime="20250711 15:15:00.372"/>
</kw>
<status status="FAIL" starttime="20250711 15:14:32.488" endtime="20250711 15:15:00.372">Keyword 'Generics.click_button' expected 2 arguments, got 1.</status>
</test>
<test id="s1-t2" name="Validate Login Failure" line="14">
<kw name="Test Setup" library="BaseTest" type="SETUP">
<kw name="Open Browser" library="SeleniumLibrary">
<arg>${LOGIN_URL}</arg>
<arg>${BROWSER}</arg>
<doc>Opens a new browser instance to the optional ``url``.</doc>
<msg timestamp="20250711 15:15:00.372" level="INFO">Opening browser 'Chrome' to base url 'https://opensource-demo.orangehrmlive.com/'.</msg>
<msg timestamp="20250711 15:15:00.388" level="INFO">Executing: c:\users\intel\appdata\local\programs\python\python37-32\lib\site-packages\selenium\webdriver\common\windows\selenium-manager.exe --browser chrome --output json</msg>
<status status="PASS" starttime="20250711 15:15:00.372" endtime="20250711 15:15:12.495"/>
</kw>
<kw name="Maximize Browser Window" library="SeleniumLibrary">
<doc>Maximizes current browser window.</doc>
<status status="PASS" starttime="20250711 15:15:12.496" endtime="20250711 15:15:12.656"/>
</kw>
<status status="PASS" starttime="20250711 15:15:00.372" endtime="20250711 15:15:12.656"/>
</kw>
<kw name="Enter Invalid Username" library="LoginKeywords">
<kw name="Wait Until Element Is Visible" library="SeleniumLibrary">
<arg>${USERNAME_FIELD}</arg>
<doc>Waits until the element ``locator`` is visible.</doc>
<status status="PASS" starttime="20250711 15:15:12.656" endtime="20250711 15:15:13.578"/>
</kw>
<kw name="Input Text" library="SeleniumLibrary">
<arg>${USERNAME_FIELD}</arg>
<arg>something</arg>
<doc>Types the given ``text`` into the text field identified by ``locator``.</doc>
<msg timestamp="20250711 15:15:13.580" level="INFO">Typing text 'something' into text field 'name=username'.</msg>
<status status="PASS" starttime="20250711 15:15:13.579" endtime="20250711 15:15:13.836"/>
</kw>
<status status="PASS" starttime="20250711 15:15:12.656" endtime="20250711 15:15:13.837"/>
</kw>
<kw name="Enter Invalid Password" library="LoginKeywords">
<kw name="Wait Until Element Is Visible" library="SeleniumLibrary">
<arg>${PASSWORD_FIELD}</arg>
<doc>Waits until the element ``locator`` is visible.</doc>
<status status="PASS" starttime="20250711 15:15:13.838" endtime="20250711 15:15:13.890"/>
</kw>
<kw name="Input Password" library="SeleniumLibrary">
<arg>${PASSWORD_FIELD}</arg>
<arg>something</arg>
<doc>Types the given password into the text field identified by ``locator``.</doc>
<msg timestamp="20250711 15:15:13.890" level="INFO">Typing password into text field 'name=password'.</msg>
<msg timestamp="20250711 15:15:14.005" level="INFO">Temporally setting log level to: NONE</msg>
<msg timestamp="20250711 15:15:14.139" level="INFO">Log level changed from NONE to INFO.</msg>
<status status="PASS" starttime="20250711 15:15:13.890" endtime="20250711 15:15:14.140"/>
</kw>
<status status="PASS" starttime="20250711 15:15:13.838" endtime="20250711 15:15:14.140"/>
</kw>
<kw name="Click Login Button" library="LoginKeywords">
<kw name="click_button" library="Generics">
<arg>${LOGIN_BUTTON}</arg>
<msg timestamp="20250711 15:15:14.144" level="FAIL">Keyword 'Generics.click_button' expected 2 arguments, got 1.</msg>
<status status="FAIL" starttime="20250711 15:15:14.144" endtime="20250711 15:15:14.144"/>
</kw>
<status status="FAIL" starttime="20250711 15:15:14.143" endtime="20250711 15:15:14.145"/>
</kw>
<kw name="Verify Error Message" library="LoginKeywords">
<status status="NOT RUN" starttime="20250711 15:15:14.146" endtime="20250711 15:15:14.146"/>
</kw>
<kw name="Test Teardown" library="BaseTest" type="TEARDOWN">
<kw name="Capture Page Screenshot" library="SeleniumLibrary">
<doc>Takes a screenshot of the current page and embeds it into a log file.</doc>
<msg timestamp="20250711 15:15:16.496" level="INFO" html="true">&lt;/td&gt;&lt;/tr&gt;&lt;tr&gt;&lt;td colspan="3"&gt;&lt;a href="selenium-screenshot-6.png"&gt;&lt;img src="selenium-screenshot-6.png" width="800px"&gt;&lt;/a&gt;</msg>
<status status="PASS" starttime="20250711 15:15:16.165" endtime="20250711 15:15:16.496"/>
</kw>
<kw name="Close All Browsers" library="SeleniumLibrary">
<doc>Closes all open browsers and resets the browser cache.</doc>
<status status="PASS" starttime="20250711 15:15:16.496" endtime="20250711 15:15:18.893"/>
</kw>
<status status="PASS" starttime="20250711 15:15:14.147" endtime="20250711 15:15:18.893"/>
</kw>
<status status="FAIL" starttime="20250711 15:15:00.372" endtime="20250711 15:15:18.893">Keyword 'Generics.click_button' expected 2 arguments, got 1.</status>
</test>
<status status="FAIL" starttime="20250711 15:14:31.786" endtime="20250711 15:15:18.893"/>
</suite>
<statistics>
<total>
<stat pass="0" fail="2" skip="0">All Tests</stat>
</total>
<tag>
</tag>
<suite>
<stat pass="0" fail="2" skip="0" id="s1" name="Login Test">Login Test</stat>
</suite>
</statistics>
<errors>
<msg timestamp="20250711 15:14:32.472" level="ERROR">Error in file 'E:\Python\Robot_TestAutomationFramework\Tests\Resources\Variables\GlobalVariables.robot' on line 17: Setting variable '${PAGE_LOAD_TIMEOUT} 10s' failed: Invalid variable name '${PAGE_LOAD_TIMEOUT} 10s'.</msg>
</errors>
</robot>
